<?xml version="1.0" encoding="UTF-8"?>
<!-- Generated by org.testng.reporters.JUnitXMLReporter -->
<testsuite hostname="DESKTOP-VPDCM96" ignored="1" name="Default test" tests="1" failures="0" timestamp="09 Dec 2018 17:56:49 GMT" time="4.902" errors="0">
  <testcase name="getAdvice" time="4.855" classname="testClasses.UnitTestClass"/>
  <testcase name="launchFacebook" time="0.0" classname="testClasses.UnitTestClass">
    <ignored/>
  </testcase> <!-- launchFacebook -->
</testsuite> <!-- Default test -->
